<?xml version="1.0" encoding="UTF-8"?>
<testsuite name="com.imlog.web.IndexControllerTest" tests="1" skipped="0" failures="0" errors="0" timestamp="2023-06-28T08:48:54" hostname="newyoung124ui-MacBookPro.local" time="0.217">
  <properties/>
  <testcase name="메인페이지_로딩" classname="com.imlog.web.IndexControllerTest" time="0.217"/>
  <system-out><![CDATA[2023-06-28 17:48:54.035  INFO 15975 --- [    Test worker] .b.t.c.SpringBootTestContextBootstrapper : Neither @ContextConfiguration nor @ContextHierarchy found for test class [com.imlog.web.IndexControllerTest], using SpringBootContextLoader
2023-06-28 17:48:54.036  INFO 15975 --- [    Test worker] o.s.t.c.support.AbstractContextLoader    : Could not detect default resource locations for test class [com.imlog.web.IndexControllerTest]: no resource found for suffixes {-context.xml, Context.groovy}.
2023-06-28 17:48:54.036  INFO 15975 --- [    Test worker] t.c.s.AnnotationConfigContextLoaderUtils : Could not detect default configuration classes for test class [com.imlog.web.IndexControllerTest]: IndexControllerTest does not declare any static, non-private, non-final, nested classes annotated with @Configuration.
2023-06-28 17:48:54.038  INFO 15975 --- [    Test worker] .b.t.c.SpringBootTestContextBootstrapper : Found @SpringBootConfiguration com.imlog.Application for test class com.imlog.web.IndexControllerTest
2023-06-28 17:48:54.045  INFO 15975 --- [    Test worker] .b.t.c.SpringBootTestContextBootstrapper : Loaded default TestExecutionListener class names from location [META-INF/spring.factories]: [org.springframework.security.test.context.support.WithSecurityContextTestExecutionListener, org.springframework.security.test.context.support.ReactorContextTestExecutionListener, org.springframework.boot.test.autoconfigure.restdocs.RestDocsTestExecutionListener, org.springframework.boot.test.autoconfigure.web.client.MockRestServiceServerResetTestExecutionListener, org.springframework.boot.test.autoconfigure.web.servlet.MockMvcPrintOnlyOnFailureTestExecutionListener, org.springframework.boot.test.autoconfigure.web.servlet.WebDriverTestExecutionListener, org.springframework.boot.test.mock.mockito.MockitoTestExecutionListener, org.springframework.boot.test.mock.mockito.ResetMocksTestExecutionListener, org.springframework.test.context.web.ServletTestExecutionListener, org.springframework.test.context.support.DirtiesContextBeforeModesTestExecutionListener, org.springframework.test.context.support.DependencyInjectionTestExecutionListener, org.springframework.test.context.support.DirtiesContextTestExecutionListener, org.springframework.test.context.transaction.TransactionalTestExecutionListener, org.springframework.test.context.jdbc.SqlScriptsTestExecutionListener]
2023-06-28 17:48:54.046  INFO 15975 --- [    Test worker] .b.t.c.SpringBootTestContextBootstrapper : Using TestExecutionListeners: [org.springframework.test.context.web.ServletTestExecutionListener@2f3565c0, org.springframework.test.context.support.DirtiesContextBeforeModesTestExecutionListener@64a8851a, org.springframework.boot.test.mock.mockito.MockitoTestExecutionListener@5b27d03d, org.springframework.boot.test.autoconfigure.SpringBootDependencyInjectionTestExecutionListener@687d31a9, org.springframework.test.context.support.DirtiesContextTestExecutionListener@6ce24203, org.springframework.test.context.transaction.TransactionalTestExecutionListener@4cc28ad0, org.springframework.test.context.jdbc.SqlScriptsTestExecutionListener@29811d4d, org.springframework.security.test.context.support.WithSecurityContextTestExecutionListener@28f081ad, org.springframework.security.test.context.support.ReactorContextTestExecutionListener@56fc2cea, org.springframework.boot.test.autoconfigure.restdocs.RestDocsTestExecutionListener@e30a8ef, org.springframework.boot.test.autoconfigure.web.client.MockRestServiceServerResetTestExecutionListener@2ffaa711, org.springframework.boot.test.autoconfigure.web.servlet.MockMvcPrintOnlyOnFailureTestExecutionListener@3abb6aa, org.springframework.boot.test.autoconfigure.web.servlet.WebDriverTestExecutionListener@34074149, org.springframework.boot.test.mock.mockito.ResetMocksTestExecutionListener@3f7bf0f6]
2023-06-28 17:48:54.133  INFO 15975 --- [o-auto-1-exec-1] o.a.c.c.C.[Tomcat].[localhost].[/]       : Initializing Spring DispatcherServlet 'dispatcherServlet'
2023-06-28 17:48:54.134  INFO 15975 --- [o-auto-1-exec-1] o.s.web.servlet.DispatcherServlet        : Initializing Servlet 'dispatcherServlet'
2023-06-28 17:48:54.137  INFO 15975 --- [o-auto-1-exec-1] o.s.web.servlet.DispatcherServlet        : Completed initialization in 2 ms
Hibernate: select posts0_.id as id1_0_, posts0_.created_date as created_2_0_, posts0_.modified_date as modified3_0_, posts0_.author as author4_0_, posts0_.content as content5_0_, posts0_.title as title6_0_ from posts posts0_ order by posts0_.id DESC
]]></system-out>
  <system-err><![CDATA[]]></system-err>
</testsuite>
