<?xml version="1.0" encoding="UTF-8"?>
<testsuite name="com.imlog.domain.posts.PostsRepositoryTest" tests="2" skipped="0" failures="0" errors="0" timestamp="2023-06-28T08:48:53" hostname="newyoung124ui-MacBookPro.local" time="0.061">
  <properties/>
  <testcase name="게시글저장_불러오기" classname="com.imlog.domain.posts.PostsRepositoryTest" time="0.05"/>
  <testcase name="BaseTimeEntity_등록" classname="com.imlog.domain.posts.PostsRepositoryTest" time="0.01"/>
  <system-out><![CDATA[2023-06-28 17:48:51.968  INFO 15975 --- [    Test worker] .b.t.c.SpringBootTestContextBootstrapper : Neither @ContextConfiguration nor @ContextHierarchy found for test class [com.imlog.domain.posts.PostsRepositoryTest], using SpringBootContextLoader
2023-06-28 17:48:51.974  INFO 15975 --- [    Test worker] o.s.t.c.support.AbstractContextLoader    : Could not detect default resource locations for test class [com.imlog.domain.posts.PostsRepositoryTest]: no resource found for suffixes {-context.xml, Context.groovy}.
2023-06-28 17:48:51.974  INFO 15975 --- [    Test worker] t.c.s.AnnotationConfigContextLoaderUtils : Could not detect default configuration classes for test class [com.imlog.domain.posts.PostsRepositoryTest]: PostsRepositoryTest does not declare any static, non-private, non-final, nested classes annotated with @Configuration.
2023-06-28 17:48:52.001  INFO 15975 --- [    Test worker] .b.t.c.SpringBootTestContextBootstrapper : Found @SpringBootConfiguration com.imlog.Application for test class com.imlog.domain.posts.PostsRepositoryTest
2023-06-28 17:48:52.004  INFO 15975 --- [    Test worker] .b.t.c.SpringBootTestContextBootstrapper : Loaded default TestExecutionListener class names from location [META-INF/spring.factories]: [org.springframework.security.test.context.support.WithSecurityContextTestExecutionListener, org.springframework.security.test.context.support.ReactorContextTestExecutionListener, org.springframework.boot.test.autoconfigure.restdocs.RestDocsTestExecutionListener, org.springframework.boot.test.autoconfigure.web.client.MockRestServiceServerResetTestExecutionListener, org.springframework.boot.test.autoconfigure.web.servlet.MockMvcPrintOnlyOnFailureTestExecutionListener, org.springframework.boot.test.autoconfigure.web.servlet.WebDriverTestExecutionListener, org.springframework.boot.test.mock.mockito.MockitoTestExecutionListener, org.springframework.boot.test.mock.mockito.ResetMocksTestExecutionListener, org.springframework.test.context.web.ServletTestExecutionListener, org.springframework.test.context.support.DirtiesContextBeforeModesTestExecutionListener, org.springframework.test.context.support.DependencyInjectionTestExecutionListener, org.springframework.test.context.support.DirtiesContextTestExecutionListener, org.springframework.test.context.transaction.TransactionalTestExecutionListener, org.springframework.test.context.jdbc.SqlScriptsTestExecutionListener]
2023-06-28 17:48:52.005  INFO 15975 --- [    Test worker] .b.t.c.SpringBootTestContextBootstrapper : Using TestExecutionListeners: [org.springframework.test.context.web.ServletTestExecutionListener@49c6ee4a, org.springframework.test.context.support.DirtiesContextBeforeModesTestExecutionListener@4dd425dc, org.springframework.boot.test.mock.mockito.MockitoTestExecutionListener@4549d616, org.springframework.boot.test.autoconfigure.SpringBootDependencyInjectionTestExecutionListener@1bfb60b7, org.springframework.test.context.support.DirtiesContextTestExecutionListener@65b1693c, org.springframework.test.context.transaction.TransactionalTestExecutionListener@9a74a93, org.springframework.test.context.jdbc.SqlScriptsTestExecutionListener@255d4d7, org.springframework.security.test.context.support.WithSecurityContextTestExecutionListener@426bf2f2, org.springframework.security.test.context.support.ReactorContextTestExecutionListener@2cfd9b0a, org.springframework.boot.test.autoconfigure.restdocs.RestDocsTestExecutionListener@1f3dafd4, org.springframework.boot.test.autoconfigure.web.client.MockRestServiceServerResetTestExecutionListener@33622388, org.springframework.boot.test.autoconfigure.web.servlet.MockMvcPrintOnlyOnFailureTestExecutionListener@2e03bb74, org.springframework.boot.test.autoconfigure.web.servlet.WebDriverTestExecutionListener@6e664075, org.springframework.boot.test.mock.mockito.ResetMocksTestExecutionListener@1c571162]

  .   ____          _            __ _ _
 /\\ / ___'_ __ _ _(_)_ __  __ _ \ \ \ \
( ( )\___ | '_ | '_| | '_ \/ _` | \ \ \ \
 \\/  ___)| |_)| | | | | || (_| |  ) ) ) )
  '  |____| .__|_| |_|_| |_\__, | / / / /
 =========|_|==============|___/=/_/_/_/
 :: Spring Boot ::        (v2.1.7.RELEASE)

2023-06-28 17:48:52.045  INFO 15975 --- [    Test worker] c.i.domain.posts.PostsRepositoryTest     : Starting PostsRepositoryTest on newyoung124ui-MacBookPro.local with PID 15975 (started by newyoung124 in /Users/newyoung124/Desktop/projectImlog/imlog)
2023-06-28 17:48:52.046  INFO 15975 --- [    Test worker] c.i.domain.posts.PostsRepositoryTest     : No active profile set, falling back to default profiles: default
2023-06-28 17:48:52.533  INFO 15975 --- [    Test worker] .s.d.r.c.RepositoryConfigurationDelegate : Bootstrapping Spring Data repositories in DEFAULT mode.
2023-06-28 17:48:52.600  INFO 15975 --- [    Test worker] .s.d.r.c.RepositoryConfigurationDelegate : Finished Spring Data repository scanning in 63ms. Found 2 repository interfaces.
2023-06-28 17:48:52.769  INFO 15975 --- [    Test worker] trationDelegate$BeanPostProcessorChecker : Bean 'org.springframework.transaction.annotation.ProxyTransactionManagementConfiguration' of type [org.springframework.transaction.annotation.ProxyTransactionManagementConfiguration$$EnhancerBySpringCGLIB$$7361b390] is not eligible for getting processed by all BeanPostProcessors (for example: not eligible for auto-proxying)
2023-06-28 17:48:52.866  INFO 15975 --- [    Test worker] com.zaxxer.hikari.HikariDataSource       : HikariPool-2 - Starting...
2023-06-28 17:48:52.873  INFO 15975 --- [    Test worker] com.zaxxer.hikari.HikariDataSource       : HikariPool-2 - Start completed.
2023-06-28 17:48:52.893  INFO 15975 --- [    Test worker] o.hibernate.jpa.internal.util.LogHelper  : HHH000204: Processing PersistenceUnitInfo [
	name: default
	...]
2023-06-28 17:48:52.906  INFO 15975 --- [    Test worker] org.hibernate.dialect.Dialect            : HHH000400: Using dialect: org.hibernate.dialect.MySQL5InnoDBDialect
Hibernate: drop table if exists posts
Hibernate: drop table if exists user
Hibernate: create table posts (id bigint not null auto_increment, created_date datetime, modified_date datetime, author varchar(255), content TEXT not null, title varchar(500) not null, primary key (id)) engine=InnoDB
Hibernate: create table user (id bigint not null auto_increment, created_date datetime, modified_date datetime, email varchar(255) not null, name varchar(255) not null, picture varchar(255), role varchar(255) not null, primary key (id)) engine=InnoDB
2023-06-28 17:48:52.996  INFO 15975 --- [    Test worker] o.h.t.schema.internal.SchemaCreatorImpl  : HHH000476: Executing import script 'org.hibernate.tool.schema.internal.exec.ScriptSourceInputNonExistentImpl@6866e740'
2023-06-28 17:48:52.997  INFO 15975 --- [    Test worker] j.LocalContainerEntityManagerFactoryBean : Initialized JPA EntityManagerFactory for persistence unit 'default'
2023-06-28 17:48:53.226  INFO 15975 --- [    Test worker] o.h.h.i.QueryTranslatorFactoryInitiator  : HHH000397: Using ASTQueryTranslatorFactory
2023-06-28 17:48:53.344  INFO 15975 --- [    Test worker] o.s.s.web.DefaultSecurityFilterChain     : Creating filter chain: any request, [org.springframework.security.web.context.request.async.WebAsyncManagerIntegrationFilter@7dc9b41a, org.springframework.security.web.context.SecurityContextPersistenceFilter@5183131d, org.springframework.security.web.header.HeaderWriterFilter@f31b991, org.springframework.security.web.authentication.logout.LogoutFilter@198a0416, org.springframework.security.oauth2.client.web.OAuth2AuthorizationRequestRedirectFilter@3b62c51e, org.springframework.security.oauth2.client.web.OAuth2LoginAuthenticationFilter@7db679, org.springframework.security.web.authentication.ui.DefaultLoginPageGeneratingFilter@5058fefb, org.springframework.security.web.authentication.ui.DefaultLogoutPageGeneratingFilter@2f97e3de, org.springframework.security.web.savedrequest.RequestCacheAwareFilter@6b3da23f, org.springframework.security.web.servletapi.SecurityContextHolderAwareRequestFilter@69c263f8, org.springframework.security.web.authentication.AnonymousAuthenticationFilter@2f09907, org.springframework.security.web.session.SessionManagementFilter@46bff388, org.springframework.security.web.access.ExceptionTranslationFilter@703947bd, org.springframework.security.web.access.intercept.FilterSecurityInterceptor@1ae90cb9]
2023-06-28 17:48:53.627  INFO 15975 --- [    Test worker] o.s.s.concurrent.ThreadPoolTaskExecutor  : Initializing ExecutorService 'applicationTaskExecutor'
2023-06-28 17:48:53.636  WARN 15975 --- [    Test worker] aWebConfiguration$JpaWebMvcConfiguration : spring.jpa.open-in-view is enabled by default. Therefore, database queries may be performed during view rendering. Explicitly configure spring.jpa.open-in-view to disable this warning
2023-06-28 17:48:53.673  INFO 15975 --- [    Test worker] o.s.b.a.w.s.WelcomePageHandlerMapping    : Adding welcome page template: index
2023-06-28 17:48:53.936  INFO 15975 --- [    Test worker] s.a.ScheduledAnnotationBeanPostProcessor : No TaskScheduler/ScheduledExecutorService bean found for scheduled processing
2023-06-28 17:48:53.938  INFO 15975 --- [    Test worker] c.i.domain.posts.PostsRepositoryTest     : Started PostsRepositoryTest in 1.932 seconds (JVM running for 14.48)
Hibernate: insert into posts (created_date, modified_date, author, content, title) values (?, ?, ?, ?, ?)
Hibernate: select posts0_.id as id1_0_, posts0_.created_date as created_2_0_, posts0_.modified_date as modified3_0_, posts0_.author as author4_0_, posts0_.content as content5_0_, posts0_.title as title6_0_ from posts posts0_
Hibernate: select posts0_.id as id1_0_, posts0_.created_date as created_2_0_, posts0_.modified_date as modified3_0_, posts0_.author as author4_0_, posts0_.content as content5_0_, posts0_.title as title6_0_ from posts posts0_
Hibernate: delete from posts where id=?
Hibernate: insert into posts (created_date, modified_date, author, content, title) values (?, ?, ?, ?, ?)
Hibernate: select posts0_.id as id1_0_, posts0_.created_date as created_2_0_, posts0_.modified_date as modified3_0_, posts0_.author as author4_0_, posts0_.content as content5_0_, posts0_.title as title6_0_ from posts posts0_
>>>>>>>>> createdDate = 2023-06-28T17:48:54.008, modifiedDate = 2023-06-28T17:48:54.008
Hibernate: select posts0_.id as id1_0_, posts0_.created_date as created_2_0_, posts0_.modified_date as modified3_0_, posts0_.author as author4_0_, posts0_.content as content5_0_, posts0_.title as title6_0_ from posts posts0_
Hibernate: delete from posts where id=?
]]></system-out>
  <system-err><![CDATA[]]></system-err>
</testsuite>
