<?xml version="1.0" encoding="UTF-8"?>
<testsuite name="com.imlog.domain.posts.PostsRepositoryTest" tests="2" skipped="0" failures="0" errors="0" timestamp="2023-06-28T09:33:02" hostname="newyoung124ui-MacBookPro.local" time="0.232">
  <properties/>
  <testcase name="게시글저장_불러오기" classname="com.imlog.domain.posts.PostsRepositoryTest" time="0.219"/>
  <testcase name="BaseTimeEntity_등록" classname="com.imlog.domain.posts.PostsRepositoryTest" time="0.01"/>
  <system-out><![CDATA[2023-06-28 18:32:57.259  INFO 16222 --- [    Test worker] .b.t.c.SpringBootTestContextBootstrapper : Neither @ContextConfiguration nor @ContextHierarchy found for test class [com.imlog.domain.posts.PostsRepositoryTest], using SpringBootContextLoader
2023-06-28 18:32:57.262  INFO 16222 --- [    Test worker] o.s.t.c.support.AbstractContextLoader    : Could not detect default resource locations for test class [com.imlog.domain.posts.PostsRepositoryTest]: no resource found for suffixes {-context.xml, Context.groovy}.
2023-06-28 18:32:57.262  INFO 16222 --- [    Test worker] t.c.s.AnnotationConfigContextLoaderUtils : Could not detect default configuration classes for test class [com.imlog.domain.posts.PostsRepositoryTest]: PostsRepositoryTest does not declare any static, non-private, non-final, nested classes annotated with @Configuration.
2023-06-28 18:32:57.297  INFO 16222 --- [    Test worker] .b.t.c.SpringBootTestContextBootstrapper : Found @SpringBootConfiguration com.imlog.Application for test class com.imlog.domain.posts.PostsRepositoryTest
2023-06-28 18:32:57.311  INFO 16222 --- [    Test worker] .b.t.c.SpringBootTestContextBootstrapper : Loaded default TestExecutionListener class names from location [META-INF/spring.factories]: [org.springframework.security.test.context.support.WithSecurityContextTestExecutionListener, org.springframework.security.test.context.support.ReactorContextTestExecutionListener, org.springframework.boot.test.autoconfigure.restdocs.RestDocsTestExecutionListener, org.springframework.boot.test.autoconfigure.web.client.MockRestServiceServerResetTestExecutionListener, org.springframework.boot.test.autoconfigure.web.servlet.MockMvcPrintOnlyOnFailureTestExecutionListener, org.springframework.boot.test.autoconfigure.web.servlet.WebDriverTestExecutionListener, org.springframework.boot.test.mock.mockito.MockitoTestExecutionListener, org.springframework.boot.test.mock.mockito.ResetMocksTestExecutionListener, org.springframework.test.context.web.ServletTestExecutionListener, org.springframework.test.context.support.DirtiesContextBeforeModesTestExecutionListener, org.springframework.test.context.support.DependencyInjectionTestExecutionListener, org.springframework.test.context.support.DirtiesContextTestExecutionListener, org.springframework.test.context.transaction.TransactionalTestExecutionListener, org.springframework.test.context.jdbc.SqlScriptsTestExecutionListener]
2023-06-28 18:32:57.312  INFO 16222 --- [    Test worker] .b.t.c.SpringBootTestContextBootstrapper : Using TestExecutionListeners: [org.springframework.test.context.web.ServletTestExecutionListener@61bcbcce, org.springframework.test.context.support.DirtiesContextBeforeModesTestExecutionListener@6af91cc8, org.springframework.boot.test.mock.mockito.MockitoTestExecutionListener@6232ffdb, org.springframework.boot.test.autoconfigure.SpringBootDependencyInjectionTestExecutionListener@330c1f61, org.springframework.test.context.support.DirtiesContextTestExecutionListener@37d28f02, org.springframework.test.context.transaction.TransactionalTestExecutionListener@15efda6c, org.springframework.test.context.jdbc.SqlScriptsTestExecutionListener@6056232d, org.springframework.security.test.context.support.WithSecurityContextTestExecutionListener@33f2df51, org.springframework.security.test.context.support.ReactorContextTestExecutionListener@107bfcb2, org.springframework.boot.test.autoconfigure.restdocs.RestDocsTestExecutionListener@7bac686b, org.springframework.boot.test.autoconfigure.web.client.MockRestServiceServerResetTestExecutionListener@2ab26378, org.springframework.boot.test.autoconfigure.web.servlet.MockMvcPrintOnlyOnFailureTestExecutionListener@f9f3928, org.springframework.boot.test.autoconfigure.web.servlet.WebDriverTestExecutionListener@404eca05, org.springframework.boot.test.mock.mockito.ResetMocksTestExecutionListener@58b91d57]

  .   ____          _            __ _ _
 /\\ / ___'_ __ _ _(_)_ __  __ _ \ \ \ \
( ( )\___ | '_ | '_| | '_ \/ _` | \ \ \ \
 \\/  ___)| |_)| | | | | || (_| |  ) ) ) )
  '  |____| .__|_| |_|_| |_\__, | / / / /
 =========|_|==============|___/=/_/_/_/
 :: Spring Boot ::        (v2.1.7.RELEASE)

2023-06-28 18:32:57.354  INFO 16222 --- [    Test worker] c.i.domain.posts.PostsRepositoryTest     : Starting PostsRepositoryTest on newyoung124ui-MacBookPro.local with PID 16222 (started by newyoung124 in /Users/newyoung124/Desktop/projectImlog/imlog)
2023-06-28 18:32:57.354  INFO 16222 --- [    Test worker] c.i.domain.posts.PostsRepositoryTest     : No active profile set, falling back to default profiles: default
2023-06-28 18:32:58.160  INFO 16222 --- [    Test worker] .s.d.r.c.RepositoryConfigurationDelegate : Bootstrapping Spring Data repositories in DEFAULT mode.
2023-06-28 18:32:58.260  INFO 16222 --- [    Test worker] .s.d.r.c.RepositoryConfigurationDelegate : Finished Spring Data repository scanning in 91ms. Found 2 repository interfaces.
2023-06-28 18:32:58.803  INFO 16222 --- [    Test worker] trationDelegate$BeanPostProcessorChecker : Bean 'org.springframework.transaction.annotation.ProxyTransactionManagementConfiguration' of type [org.springframework.transaction.annotation.ProxyTransactionManagementConfiguration$$EnhancerBySpringCGLIB$$619e3ebb] is not eligible for getting processed by all BeanPostProcessors (for example: not eligible for auto-proxying)
2023-06-28 18:32:59.036  INFO 16222 --- [    Test worker] com.zaxxer.hikari.HikariDataSource       : HikariPool-1 - Starting...
2023-06-28 18:32:59.171  INFO 16222 --- [    Test worker] com.zaxxer.hikari.HikariDataSource       : HikariPool-1 - Start completed.
2023-06-28 18:32:59.368  INFO 16222 --- [    Test worker] o.hibernate.jpa.internal.util.LogHelper  : HHH000204: Processing PersistenceUnitInfo [
	name: default
	...]
2023-06-28 18:32:59.420  INFO 16222 --- [    Test worker] org.hibernate.Version                    : HHH000412: Hibernate Core {5.3.10.Final}
2023-06-28 18:32:59.422  INFO 16222 --- [    Test worker] org.hibernate.cfg.Environment            : HHH000206: hibernate.properties not found
2023-06-28 18:32:59.466  INFO 16222 --- [    Test worker] o.hibernate.annotations.common.Version   : HCANN000001: Hibernate Commons Annotations {5.0.4.Final}
2023-06-28 18:32:59.591  INFO 16222 --- [    Test worker] org.hibernate.dialect.Dialect            : HHH000400: Using dialect: org.hibernate.dialect.MySQL5InnoDBDialect
Hibernate: drop table if exists posts
Hibernate: drop table if exists user
Hibernate: create table posts (id bigint not null auto_increment, created_date datetime, modified_date datetime, author varchar(255), content TEXT not null, title varchar(500) not null, primary key (id)) engine=InnoDB
Hibernate: create table user (id bigint not null auto_increment, created_date datetime, modified_date datetime, email varchar(255) not null, name varchar(255) not null, picture varchar(255), role varchar(255) not null, primary key (id)) engine=InnoDB
2023-06-28 18:33:00.381  INFO 16222 --- [    Test worker] o.h.t.schema.internal.SchemaCreatorImpl  : HHH000476: Executing import script 'org.hibernate.tool.schema.internal.exec.ScriptSourceInputNonExistentImpl@708f7386'
2023-06-28 18:33:00.386  INFO 16222 --- [    Test worker] j.LocalContainerEntityManagerFactoryBean : Initialized JPA EntityManagerFactory for persistence unit 'default'
2023-06-28 18:33:01.198  INFO 16222 --- [    Test worker] o.h.h.i.QueryTranslatorFactoryInitiator  : HHH000397: Using ASTQueryTranslatorFactory
2023-06-28 18:33:01.548  INFO 16222 --- [    Test worker] o.s.s.web.DefaultSecurityFilterChain     : Creating filter chain: any request, [org.springframework.security.web.context.request.async.WebAsyncManagerIntegrationFilter@9cb927e, org.springframework.security.web.context.SecurityContextPersistenceFilter@30a791a6, org.springframework.security.web.header.HeaderWriterFilter@3bf26810, org.springframework.security.web.authentication.logout.LogoutFilter@45451333, org.springframework.security.oauth2.client.web.OAuth2AuthorizationRequestRedirectFilter@58e5fbe5, org.springframework.security.oauth2.client.web.OAuth2LoginAuthenticationFilter@11b14ae3, org.springframework.security.web.authentication.ui.DefaultLoginPageGeneratingFilter@49639118, org.springframework.security.web.authentication.ui.DefaultLogoutPageGeneratingFilter@8585cdd, org.springframework.security.web.savedrequest.RequestCacheAwareFilter@719bb60d, org.springframework.security.web.servletapi.SecurityContextHolderAwareRequestFilter@5981f2c6, org.springframework.security.web.authentication.AnonymousAuthenticationFilter@1325f967, org.springframework.security.web.session.SessionManagementFilter@19213a74, org.springframework.security.web.access.ExceptionTranslationFilter@37dec463, org.springframework.security.web.access.intercept.FilterSecurityInterceptor@1ed52f44]
2023-06-28 18:33:02.134  INFO 16222 --- [    Test worker] o.s.s.concurrent.ThreadPoolTaskExecutor  : Initializing ExecutorService 'applicationTaskExecutor'
2023-06-28 18:33:02.173  WARN 16222 --- [    Test worker] aWebConfiguration$JpaWebMvcConfiguration : spring.jpa.open-in-view is enabled by default. Therefore, database queries may be performed during view rendering. Explicitly configure spring.jpa.open-in-view to disable this warning
2023-06-28 18:33:02.244  INFO 16222 --- [    Test worker] o.s.b.a.w.s.WelcomePageHandlerMapping    : Adding welcome page template: index
2023-06-28 18:33:02.757  INFO 16222 --- [    Test worker] s.a.ScheduledAnnotationBeanPostProcessor : No TaskScheduler/ScheduledExecutorService bean found for scheduled processing
2023-06-28 18:33:02.763  INFO 16222 --- [    Test worker] c.i.domain.posts.PostsRepositoryTest     : Started PostsRepositoryTest in 5.446 seconds (JVM running for 11.061)
Hibernate: insert into posts (created_date, modified_date, author, content, title) values (?, ?, ?, ?, ?)
Hibernate: select posts0_.id as id1_0_, posts0_.created_date as created_2_0_, posts0_.modified_date as modified3_0_, posts0_.author as author4_0_, posts0_.content as content5_0_, posts0_.title as title6_0_ from posts posts0_
Hibernate: select posts0_.id as id1_0_, posts0_.created_date as created_2_0_, posts0_.modified_date as modified3_0_, posts0_.author as author4_0_, posts0_.content as content5_0_, posts0_.title as title6_0_ from posts posts0_
Hibernate: delete from posts where id=?
Hibernate: insert into posts (created_date, modified_date, author, content, title) values (?, ?, ?, ?, ?)
Hibernate: select posts0_.id as id1_0_, posts0_.created_date as created_2_0_, posts0_.modified_date as modified3_0_, posts0_.author as author4_0_, posts0_.content as content5_0_, posts0_.title as title6_0_ from posts posts0_
>>>>>>>>> createdDate = 2023-06-28T18:33:03.002, modifiedDate = 2023-06-28T18:33:03.002
Hibernate: select posts0_.id as id1_0_, posts0_.created_date as created_2_0_, posts0_.modified_date as modified3_0_, posts0_.author as author4_0_, posts0_.content as content5_0_, posts0_.title as title6_0_ from posts posts0_
Hibernate: delete from posts where id=?
]]></system-out>
  <system-err><![CDATA[]]></system-err>
</testsuite>
