<?xml version="1.0" encoding="UTF-8"?>
<testsuite name="com.imlog.dto.HelloResponseDtoTest" tests="1" skipped="0" failures="0" errors="0" timestamp="2023-06-27T08:39:32" hostname="newyoung124ui-MacBookPro.local" time="0.005">
  <properties/>
  <testcase name="lombok_function_test" classname="com.imlog.dto.HelloResponseDtoTest" time="0.005"/>
  <system-out><![CDATA[]]></system-out>
  <system-err><![CDATA[]]></system-err>
</testsuite>
